<beans xmlns="http://www.springframework.org/schema/beans"
	xmlns:xsi="http://www.w3.org/2001/XMLSchema-instance" 
	xmlns:context="http://www.springframework.org/schema/context"
	xmlns:tx="http://www.springframework.org/schema/tx"	
	xsi:schemaLocation="
		http://www.springframework.org/schema/beans	
		http://www.springframework.org/schema/beans/spring-beans.xsd
	 
		http://www.springframework.org/schema/tx 
		http://www.springframework.org/schema/tx/spring-tx.xsd
		 
		http://www.springframework.org/schema/context
		http://www.springframework.org/schema/context/spring-context.xsd">
 
	<context:component-scan base-package="org.clima.rest.*" />
    
    <!-- import the dataSource definition -->
    <import resource="data-source.xml"/> 
     
	<!--
		Instruct Spring to perform declarative transaction management
		automatically on annotated classes.
	-->	
	<tx:annotation-driven transaction-manager="transactionManager" />  
    <bean id="transactionManager"
          class="org.springframework.jdbc.datasource.DataSourceTransactionManager">
        <property name="dataSource" ref="dataSource"/>
    </bean>  
    	
	<!-- =============== MyBATIS beans configuration ================== -->
	
	<bean id="sqlSessionFactory" class="org.mybatis.spring.SqlSessionFactoryBean">
	    <property name="dataSource" ref="dataSource" />
	    <property name="configLocation" value="classpath:config/mybatisV3.xml"/>
	</bean>
	

	<bean id="climaDao" class="org.mybatis.spring.mapper.MapperFactoryBean">
	   <property name="sqlSessionFactory" ref="sqlSessionFactory"/>    
	   <property name="mapperInterface" value="org.clima.rest.dao.ClimaDao" />
	</bean>
	
    <bean id="climaResource" class="org.clima.rest.resource.ClimaResource" >
    	<property name="climaService" ref="climaService"/>
    </bean>
    
    <bean id="climaService" class="org.clima.rest.service.ClimaServiceImpl" >
    	<property name="climaDao" ref="climaDao"/>
    </bean>    
    
	<bean id="dataSource" class="org.springframework.jndi.JndiObjectFactoryBean" scope="singleton">
	    <property name="jndiName" value="java:comp/env/jdbc/climaDB" />
	    <property name="resourceRef" value="true" />        
	</bean>
</beans>